<?xml version="1.0" encoding="UTF-8"?>
<!-- Generated by org.testng.reporters.JUnitReportReporter -->
<testsuite skipped="0" hostname="KeyKin1" name="com.bank.testsuite.BankTest" tests="5" failures="0" timestamp="07 Dec 2021 11:11:52 GMT" time="34.875" errors="0">
  <testcase name="bankManagerShouldOpenAccountSuccessfully" time="8.104" classname="com.bank.testsuite.BankTest"/>
  <testcase name="customerShouldWithdrawMoneySuccessfully" time="9.353" classname="com.bank.testsuite.BankTest"/>
  <testcase name="bankManagerShouldAddCustomerSuccessfully" time="5.794" classname="com.bank.testsuite.BankTest"/>
  <testcase name="customerShouldDepositMoneySuccessfully" time="5.789" classname="com.bank.testsuite.BankTest"/>
  <testcase name="customerShouldLoginAndLogoutSuccessfully" time="5.835" classname="com.bank.testsuite.BankTest"/>
</testsuite> <!-- com.bank.testsuite.BankTest -->
